{
  "RSpec": {
    "coverage": {
      "/home/rational-architecture-1641/tic-tac-toe-rb-ruby-apply-000/lib/tic_tac_toe.rb": [
        null,
        null,
        null,
        null,
        1,
        null,
        null,
        null,
        null,
        null,
        null,
        null,
        null,
        null,
        null,
        1,
        14,
        14,
        14,
        14,
        14,
        null,
        null,
        1,
        13,
        null,
        null,
        1,
        12,
        null,
        null,
        1,
        15,
        null,
        null,
        1,
        13,
        null,
        null,
        1,
        13,
        13,
        10,
        10,
        9,
        9,
        null,
        1,
        null,
        null,
        null,
        1,
        11,
        11,
        99,
        5,
        null,
        null,
        11,
        null,
        null,
        1,
        10,
        10,
        null,
        0,
        null,
        null,
        null,
        1,
        18,
        129,
        129,
        129,
        null,
        129,
        129,
        129,
        null,
        129,
        8,
        null,
        null,
        10,
        null,
        null,
        1,
        64,
        null,
        null,
        1,
        8,
        2,
        null,
        6,
        null,
        null,
        null,
        1,
        6,
        2,
        null,
        4,
        null,
        null,
        null,
        1,
        3,
        2,
        null,
        null,
        null,
        null,
        null,
        1,
        12,
        7,
        null
      ]
    },
    "timestamp": 1594734938
  }
}
